<?xml version="1.0" encoding="UTF-8"?>
<!-- Generated by org.testng.reporters.JUnitReportReporter -->
<testsuite hostname="LAPTOP-IHD445P1" failures="0" tests="1" name="testpkg.farecompare_test" time="12.525" errors="0" timestamp="2023-10-30T14:42:52 IST" skipped="0">
  <testcase classname="testpkg.farecompare_test" name="test" time="12.525"/>
</testsuite> <!-- testpkg.farecompare_test -->
