<?xml version="1.0" encoding="UTF-8"?>
<!-- Generated by org.testng.reporters.JUnitReportReporter -->
<testsuite hostname="LAPTOP-IHD445P1" failures="0" tests="1" name="test.Marinetest" time="17.592" errors="0" timestamp="2023-10-26T11:26:20 IST" skipped="0">
  <testcase classname="test.Marinetest" name="test" time="17.592"/>
</testsuite> <!-- test.Marinetest -->
