<?xml version="1.0" encoding="UTF-8"?>
<!-- Generated by org.testng.reporters.JUnitReportReporter -->
<testsuite hostname="LAPTOP-IHD445P1" failures="0" tests="1" name="testpkg.saucedemotest" time="6.019" errors="0" timestamp="2023-10-10T19:54:57 IST" skipped="0">
  <testcase classname="testpkg.saucedemotest" name="test" time="6.019"/>
</testsuite> <!-- testpkg.saucedemotest -->
